2024-12-23 10:01:13,967 - my_logger - DEBUG - This is a debug message
2024-12-23 10:01:13,967 - my_logger - INFO - This is an info message
2024-12-23 10:01:13,967 - my_logger - WARNING - This is a warning message
2024-12-23 10:01:13,967 - my_logger - ERROR - This is an error message
2024-12-23 10:01:13,967 - my_logger - CRITICAL - This is a critical message
2024-12-23 11:08:17,086 - my_logger - DEBUG - This is a debug message
2024-12-23 11:08:17,086 - my_logger - DEBUG - This is a debug message
2024-12-23 11:08:17,086 - my_logger - INFO - This is an info message
2024-12-23 11:08:17,086 - my_logger - INFO - This is an info message
2024-12-23 11:08:17,086 - my_logger - WARNING - This is a warning message
2024-12-23 11:08:17,086 - my_logger - WARNING - This is a warning message
2024-12-23 11:08:17,086 - my_logger - ERROR - This is an error message
2024-12-23 11:08:17,086 - my_logger - ERROR - This is an error message
2024-12-23 11:08:17,086 - my_logger - CRITICAL - This is a critical message
2024-12-23 11:08:17,086 - my_logger - CRITICAL - This is a critical message
2024-12-23 11:09:00,580 - my_logger - DEBUG - This is a debug message
2024-12-23 11:09:00,580 - my_logger - INFO - This is an info message
2024-12-23 11:09:00,580 - my_logger - WARNING - This is a warning message
2024-12-23 11:09:00,580 - my_logger - ERROR - This is an error message
2024-12-23 11:09:00,580 - my_logger - CRITICAL - This is a critical message
2024-12-23 11:09:47,331 - my_logger - DEBUG - This is a debug message
2024-12-23 11:09:47,331 - my_logger - DEBUG - This is a debug message
2024-12-23 11:09:47,331 - my_logger - INFO - This is an info message
2024-12-23 11:09:47,331 - my_logger - INFO - This is an info message
2024-12-23 11:09:47,331 - my_logger - WARNING - This is a warning message
2024-12-23 11:09:47,331 - my_logger - WARNING - This is a warning message
2024-12-23 11:09:47,331 - my_logger - ERROR - This is an error message
2024-12-23 11:09:47,331 - my_logger - ERROR - This is an error message
2024-12-23 11:09:47,331 - my_logger - CRITICAL - This is a critical message
2024-12-23 11:09:47,331 - my_logger - CRITICAL - This is a critical message
2024-12-23 11:09:48,990 - my_logger - DEBUG - This is a debug message
2024-12-23 11:09:48,990 - my_logger - DEBUG - This is a debug message
2024-12-23 11:09:48,990 - my_logger - INFO - This is an info message
2024-12-23 11:09:48,990 - my_logger - INFO - This is an info message
2024-12-23 11:09:48,990 - my_logger - WARNING - This is a warning message
2024-12-23 11:09:48,990 - my_logger - WARNING - This is a warning message
2024-12-23 11:09:48,991 - my_logger - ERROR - This is an error message
2024-12-23 11:09:48,991 - my_logger - ERROR - This is an error message
2024-12-23 11:09:48,991 - my_logger - CRITICAL - This is a critical message
2024-12-23 11:09:48,991 - my_logger - CRITICAL - This is a critical message
2024-12-23 11:12:20,961 - my_logger - DEBUG - This is a debug message
2024-12-23 11:12:20,961 - my_logger - DEBUG - This is a debug message
2024-12-23 11:12:20,961 - my_logger - INFO - This is an info message
2024-12-23 11:12:20,961 - my_logger - INFO - This is an info message
2024-12-23 11:12:20,961 - my_logger - WARNING - This is a warning message
2024-12-23 11:12:20,961 - my_logger - WARNING - This is a warning message
2024-12-23 11:12:20,961 - my_logger - ERROR - This is an error message
2024-12-23 11:12:20,961 - my_logger - ERROR - This is an error message
2024-12-23 11:12:20,961 - my_logger - CRITICAL - This is a critical message
2024-12-23 11:12:20,961 - my_logger - CRITICAL - This is a critical message
2024-12-23 11:12:29,406 - my_logger - DEBUG - This is a debug message
2024-12-23 11:12:29,406 - my_logger - DEBUG - This is a debug message
2024-12-23 11:12:29,407 - my_logger - INFO - This is an info message
2024-12-23 11:12:29,407 - my_logger - INFO - This is an info message
2024-12-23 11:12:29,407 - my_logger - WARNING - This is a warning message
2024-12-23 11:12:29,407 - my_logger - WARNING - This is a warning message
2024-12-23 11:12:29,407 - my_logger - ERROR - This is an error message
2024-12-23 11:12:29,407 - my_logger - ERROR - This is an error message
2024-12-23 11:12:29,407 - my_logger - CRITICAL - This is a critical message
2024-12-23 11:12:29,407 - my_logger - CRITICAL - This is a critical message
2024-12-23 11:13:01,698 - my_logger - DEBUG - This is a debug message
2024-12-23 11:13:01,698 - my_logger - DEBUG - This is a debug message
2024-12-23 11:13:01,698 - my_logger - INFO - This is an info message
2024-12-23 11:13:01,698 - my_logger - INFO - This is an info message
2024-12-23 11:13:01,698 - my_logger - WARNING - This is a warning message
2024-12-23 11:13:01,698 - my_logger - WARNING - This is a warning message
2024-12-23 11:13:01,698 - my_logger - ERROR - This is an error message
2024-12-23 11:13:01,698 - my_logger - ERROR - This is an error message
2024-12-23 11:13:01,698 - my_logger - CRITICAL - This is a critical message
2024-12-23 11:13:01,698 - my_logger - CRITICAL - This is a critical message
2024-12-23 11:14:29,284 - my_logger - DEBUG - This is a debug message
2024-12-23 11:14:29,284 - my_logger - DEBUG - This is a debug message
2024-12-23 11:14:29,284 - my_logger - INFO - This is an info message
2024-12-23 11:14:29,284 - my_logger - INFO - This is an info message
2024-12-23 11:14:29,285 - my_logger - WARNING - This is a warning message
2024-12-23 11:14:29,285 - my_logger - WARNING - This is a warning message
2024-12-23 11:14:29,285 - my_logger - ERROR - This is an error message
2024-12-23 11:14:29,285 - my_logger - ERROR - This is an error message
2024-12-23 11:14:29,285 - my_logger - CRITICAL - This is a critical message
2024-12-23 11:14:29,285 - my_logger - CRITICAL - This is a critical message
2024-12-23 11:14:48,733 - my_logger - DEBUG - This is a debug message
2024-12-23 11:14:48,733 - my_logger - INFO - This is an info message
2024-12-23 11:14:48,733 - my_logger - WARNING - This is a warning message
2024-12-23 11:14:48,733 - my_logger - ERROR - This is an error message
2024-12-23 11:14:48,733 - my_logger - CRITICAL - This is a critical message
